<?xml version="1.0" encoding="UTF-8"?>
<!-- Generated by org.testng.reporters.JUnitReportReporter -->
<testsuite hostname="DESKTOP-KEVL5HM" failures="0" tests="1" name="com.automationpractice.runner.BaseTest" time="8.940" errors="0" timestamp="03 Oct 2019 20:00:55 GMT" skipped="0">
  <testcase classname="com.automationpractice.runner.BaseTest" name="existingUserLogin" time="8.940"/>
</testsuite> <!-- com.automationpractice.runner.BaseTest -->
